# JRE version: OpenJDK Runtime Environment (8.0_352-b08) (build 1.8.0_352-b08)
# Java VM: OpenJDK 64-Bit Server VM (25.352-b08 mixed mode windows-amd64 compressed oops)
Heap:
 PSYoungGen      total 92160K, used 34454K [0x00000000eab00000, 0x00000000f1b00000, 0x0000000100000000)
  eden space 80384K, 42% used [0x00000000eab00000,0x00000000ecc0d9b8,0x00000000ef980000)
  from space 11776K, 5% used [0x00000000f0480000,0x00000000f0518000,0x00000000f1000000)
  to   space 11264K, 0% used [0x00000000ef980000,0x00000000ef980000,0x00000000f0480000)
 ParOldGen       total 115200K, used 40611K [0x00000000c0000000, 0x00000000c7080000, 0x00000000eab00000)
  object space 115200K, 35% used [0x00000000c0000000,0x00000000c27a8cf8,0x00000000c7080000)
 Metaspace       used 60347K, capacity 61832K, committed 62080K, reserved 1103872K
  class space    used 7796K, capacity 8242K, committed 8320K, reserved 1048576K
GC Heap History (10 events):
Event: 366.982 GC heap before
{Heap before GC invocations=33 (full 2):
 PSYoungGen      total 78848K, used 67744K [0x00000000eab00000, 0x00000000f1500000, 0x0000000100000000)
  eden space 66560K, 100% used [0x00000000eab00000,0x00000000eec00000,0x00000000eec00000)
  from space 12288K, 9% used [0x00000000ef800000,0x00000000ef928000,0x00000000f0400000)
  to   space 12288K, 0% used [0x00000000eec00000,0x00000000eec00000,0x00000000ef800000)
 ParOldGen       total 88576K, used 38443K [0x00000000c0000000, 0x00000000c5680000, 0x00000000eab00000)
  object space 88576K, 43% used [0x00000000c0000000,0x00000000c258ac00,0x00000000c5680000)
 Metaspace       used 55928K, capacity 57176K, committed 57344K, reserved 1099776K
  class space    used 7425K, capacity 7833K, committed 7936K, reserved 1048576K
Event: 366.984 GC heap after
Heap after GC invocations=33 (full 2):
 PSYoungGen      total 78848K, used 5979K [0x00000000eab00000, 0x00000000f1480000, 0x0000000100000000)
  eden space 66560K, 0% used [0x00000000eab00000,0x00000000eab00000,0x00000000eec00000)
  from space 12288K, 48% used [0x00000000eec00000,0x00000000ef1d6df8,0x00000000ef800000)
  to   space 12288K, 0% used [0x00000000f0880000,0x00000000f0880000,0x00000000f1480000)
 ParOldGen       total 88576K, used 38971K [0x00000000c0000000, 0x00000000c5680000, 0x00000000eab00000)
  object space 88576K, 43% used [0x00000000c0000000,0x00000000c260ec00,0x00000000c5680000)
 Metaspace       used 55928K, capacity 57176K, committed 57344K, reserved 1099776K
  class space    used 7425K, capacity 7833K, committed 7936K, reserved 1048576K
}
Event: 384.100 GC heap before
{Heap before GC invocations=34 (full 2):
 PSYoungGen      total 78848K, used 72539K [0x00000000eab00000, 0x00000000f1480000, 0x0000000100000000)
  eden space 66560K, 100% used [0x00000000eab00000,0x00000000eec00000,0x00000000eec00000)
  from space 12288K, 48% used [0x00000000eec00000,0x00000000ef1d6df8,0x00000000ef800000)
  to   space 12288K, 0% used [0x00000000f0880000,0x00000000f0880000,0x00000000f1480000)
 ParOldGen       total 88576K, used 38971K [0x00000000c0000000, 0x00000000c5680000, 0x00000000eab00000)
  object space 88576K, 43% used [0x00000000c0000000,0x00000000c260ec00,0x00000000c5680000)
 Metaspace       used 57071K, capacity 58462K, committed 58752K, reserved 1099776K
  class space    used 7527K, capacity 7963K, committed 8064K, reserved 1048576K
Event: 384.103 GC heap after
Heap after GC invocations=34 (full 2):
 PSYoungGen      total 67584K, used 2337K [0x00000000eab00000, 0x00000000f0b00000, 0x0000000100000000)
  eden space 65024K, 0% used [0x00000000eab00000,0x00000000eab00000,0x00000000eea80000)
  from space 2560K, 91% used [0x00000000f0880000,0x00000000f0ac86b8,0x00000000f0b00000)
  to   space 11776K, 0% used [0x00000000ef400000,0x00000000ef400000,0x00000000eff80000)
 ParOldGen       total 88576K, used 44366K [0x00000000c0000000, 0x00000000c5680000, 0x00000000eab00000)
  object space 88576K, 50% used [0x00000000c0000000,0x00000000c2b53808,0x00000000c5680000)
 Metaspace       used 57071K, capacity 58462K, committed 58752K, reserved 1099776K
  class space    used 7527K, capacity 7963K, committed 8064K, reserved 1048576K
}
Event: 384.139 GC heap before
{Heap before GC invocations=35 (full 2):
 PSYoungGen      total 67584K, used 22680K [0x00000000eab00000, 0x00000000f0b00000, 0x0000000100000000)
  eden space 65024K, 31% used [0x00000000eab00000,0x00000000ebeddc10,0x00000000eea80000)
  from space 2560K, 91% used [0x00000000f0880000,0x00000000f0ac86b8,0x00000000f0b00000)
  to   space 11776K, 0% used [0x00000000ef400000,0x00000000ef400000,0x00000000eff80000)
 ParOldGen       total 88576K, used 44366K [0x00000000c0000000, 0x00000000c5680000, 0x00000000eab00000)
  object space 88576K, 50% used [0x00000000c0000000,0x00000000c2b53808,0x00000000c5680000)
 Metaspace       used 57685K, capacity 59038K, committed 59096K, reserved 1099776K
  class space    used 7605K, capacity 8027K, committed 8064K, reserved 1048576K
Event: 384.141 GC heap after
Heap after GC invocations=35 (full 2):
 PSYoungGen      total 86528K, used 764K [0x00000000eab00000, 0x00000000f1000000, 0x0000000100000000)
  eden space 74752K, 0% used [0x00000000eab00000,0x00000000eab00000,0x00000000ef400000)
  from space 11776K, 6% used [0x00000000ef400000,0x00000000ef4bf298,0x00000000eff80000)
  to   space 11776K, 0% used [0x00000000f0480000,0x00000000f0480000,0x00000000f1000000)
 ParOldGen       total 88576K, used 45975K [0x00000000c0000000, 0x00000000c5680000, 0x00000000eab00000)
  object space 88576K, 51% used [0x00000000c0000000,0x00000000c2ce5c00,0x00000000c5680000)
 Metaspace       used 57685K, capacity 59038K, committed 59096K, reserved 1099776K
  class space    used 7605K, capacity 8027K, committed 8064K, reserved 1048576K
}
Event: 384.141 GC heap before
{Heap before GC invocations=36 (full 3):
 PSYoungGen      total 86528K, used 764K [0x00000000eab00000, 0x00000000f1000000, 0x0000000100000000)
  eden space 74752K, 0% used [0x00000000eab00000,0x00000000eab00000,0x00000000ef400000)
  from space 11776K, 6% used [0x00000000ef400000,0x00000000ef4bf298,0x00000000eff80000)
  to   space 11776K, 0% used [0x00000000f0480000,0x00000000f0480000,0x00000000f1000000)
 ParOldGen       total 88576K, used 45975K [0x00000000c0000000, 0x00000000c5680000, 0x00000000eab00000)
  object space 88576K, 51% used [0x00000000c0000000,0x00000000c2ce5c00,0x00000000c5680000)
 Metaspace       used 57685K, capacity 59038K, committed 59096K, reserved 1099776K
  class space    used 7605K, capacity 8027K, committed 8064K, reserved 1048576K
Event: 384.241 GC heap after
Heap after GC invocations=36 (full 3):
 PSYoungGen      total 86528K, used 0K [0x00000000eab00000, 0x00000000f1000000, 0x0000000100000000)
  eden space 74752K, 0% used [0x00000000eab00000,0x00000000eab00000,0x00000000ef400000)
  from space 11776K, 0% used [0x00000000ef400000,0x00000000ef400000,0x00000000eff80000)
  to   space 11776K, 0% used [0x00000000f0480000,0x00000000f0480000,0x00000000f1000000)
 ParOldGen       total 115200K, used 40603K [0x00000000c0000000, 0x00000000c7080000, 0x00000000eab00000)
  object space 115200K, 35% used [0x00000000c0000000,0x00000000c27a6cf8,0x00000000c7080000)
 Metaspace       used 57645K, capacity 58958K, committed 59096K, reserved 1099776K
  class space    used 7590K, capacity 7980K, committed 8064K, reserved 1048576K
}
Event: 384.318 GC heap before
{Heap before GC invocations=37 (full 3):
 PSYoungGen      total 86528K, used 74752K [0x00000000eab00000, 0x00000000f1000000, 0x0000000100000000)
  eden space 74752K, 100% used [0x00000000eab00000,0x00000000ef400000,0x00000000ef400000)
  from space 11776K, 0% used [0x00000000ef400000,0x00000000ef400000,0x00000000eff80000)
  to   space 11776K, 0% used [0x00000000f0480000,0x00000000f0480000,0x00000000f1000000)
 ParOldGen       total 115200K, used 40603K [0x00000000c0000000, 0x00000000c7080000, 0x00000000eab00000)
  object space 115200K, 35% used [0x00000000c0000000,0x00000000c27a6cf8,0x00000000c7080000)
 Metaspace       used 59665K, capacity 60982K, committed 61184K, reserved 1101824K
  class space    used 7740K, capacity 8143K, committed 8192K, reserved 1048576K
Event: 384.320 GC heap after
Heap after GC invocations=37 (full 3):
 PSYoungGen      total 92160K, used 608K [0x00000000eab00000, 0x00000000f1b00000, 0x0000000100000000)
  eden space 80384K, 0% used [0x00000000eab00000,0x00000000eab00000,0x00000000ef980000)
  from space 11776K, 5% used [0x00000000f0480000,0x00000000f0518000,0x00000000f1000000)
  to   space 11264K, 0% used [0x00000000ef980000,0x00000000ef980000,0x00000000f0480000)
 ParOldGen       total 115200K, used 40611K [0x00000000c0000000, 0x00000000c7080000, 0x00000000eab00000)
  object space 115200K, 35% used [0x00000000c0000000,0x00000000c27a8cf8,0x00000000c7080000)
 Metaspace       used 59665K, capacity 60982K, committed 61184K, reserved 1101824K
  class space    used 7740K, capacity 8143K, committed 8192K, reserved 1048576K
}

